# JRE version: OpenJDK Runtime Environment (17.0.11) (build 17.0.11+0--11852314)
# Java VM: OpenJDK 64-Bit Server VM (17.0.11+0--11852314, mixed mode, tiered, compressed oops, compressed class ptrs, g1 gc, windows-amd64)
GC Precious Log:
 CPUs: 4 total, 4 available
 Memory: 7122M
 Large Page Support: Disabled
 NUMA Support: Disabled
 Compressed Oops: Enabled (32-bit)
 Heap Region Size: 1M
 Heap Min Capacity: 8M
 Heap Initial Capacity: 112M
 Heap Max Capacity: 2G
 Pre-touch: Disabled
 Parallel Workers: 4
 Concurrent Workers: 1
 Concurrent Refinement Workers: 4
 Periodic GC: Disabled
Heap:
 garbage-first heap   total 286720K, used 157229K [0x0000000080000000, 0x0000000100000000)
  region size 1024K, 2 young (2048K), 2 survivors (2048K)
 Metaspace       used 141642K, committed 142720K, reserved 1179648K
  class space    used 19262K, committed 19776K, reserved 1048576K
GC Heap History (20 events):
Event: 2085.892 GC heap after
{Heap after GC invocations=50 (full 0):
 garbage-first heap   total 317440K, used 114449K [0x0000000080000000, 0x0000000100000000)
  region size 1024K, 2 young (2048K), 2 survivors (2048K)
 Metaspace       used 119323K, committed 120384K, reserved 1179648K
  class space    used 16066K, committed 16640K, reserved 1048576K
}
Event: 2085.983 GC heap before
{Heap before GC invocations=50 (full 0):
 garbage-first heap   total 317440K, used 127761K [0x0000000080000000, 0x0000000100000000)
  region size 1024K, 15 young (15360K), 2 survivors (2048K)
 Metaspace       used 119356K, committed 120448K, reserved 1179648K
  class space    used 16066K, committed 16640K, reserved 1048576K
}
Event: 2085.990 GC heap after
{Heap after GC invocations=51 (full 0):
 garbage-first heap   total 317440K, used 113514K [0x0000000080000000, 0x0000000100000000)
  region size 1024K, 2 young (2048K), 2 survivors (2048K)
 Metaspace       used 119356K, committed 120448K, reserved 1179648K
  class space    used 16066K, committed 16640K, reserved 1048576K
}
Event: 2879.024 GC heap before
{Heap before GC invocations=51 (full 0):
 garbage-first heap   total 317440K, used 261994K [0x0000000080000000, 0x0000000100000000)
  region size 1024K, 148 young (151552K), 2 survivors (2048K)
 Metaspace       used 119800K, committed 120896K, reserved 1179648K
  class space    used 16081K, committed 16640K, reserved 1048576K
}
Event: 2879.105 GC heap after
{Heap after GC invocations=52 (full 0):
 garbage-first heap   total 317440K, used 128322K [0x0000000080000000, 0x0000000100000000)
  region size 1024K, 17 young (17408K), 17 survivors (17408K)
 Metaspace       used 119800K, committed 120896K, reserved 1179648K
  class space    used 16081K, committed 16640K, reserved 1048576K
}
Event: 4944.467 GC heap before
{Heap before GC invocations=52 (full 0):
 garbage-first heap   total 317440K, used 208194K [0x0000000080000000, 0x0000000100000000)
  region size 1024K, 97 young (99328K), 17 survivors (17408K)
 Metaspace       used 119942K, committed 121024K, reserved 1179648K
  class space    used 16081K, committed 16640K, reserved 1048576K
}
Event: 4948.112 GC heap after
{Heap after GC invocations=53 (full 1):
 garbage-first heap   total 286720K, used 83636K [0x0000000080000000, 0x0000000100000000)
  region size 1024K, 0 young (0K), 0 survivors (0K)
 Metaspace       used 119583K, committed 121024K, reserved 1179648K
  class space    used 15998K, committed 16640K, reserved 1048576K
}
Event: 7050.413 GC heap before
{Heap before GC invocations=53 (full 1):
 garbage-first heap   total 286720K, used 225972K [0x0000000080000000, 0x0000000100000000)
  region size 1024K, 140 young (143360K), 0 survivors (0K)
 Metaspace       used 120702K, committed 122048K, reserved 1179648K
  class space    used 16213K, committed 16896K, reserved 1048576K
}
Event: 7050.433 GC heap after
{Heap after GC invocations=54 (full 1):
 garbage-first heap   total 286720K, used 86708K [0x0000000080000000, 0x0000000100000000)
  region size 1024K, 3 young (3072K), 3 survivors (3072K)
 Metaspace       used 120702K, committed 122048K, reserved 1179648K
  class space    used 16213K, committed 16896K, reserved 1048576K
}
Event: 9413.326 GC heap before
{Heap before GC invocations=55 (full 1):
 garbage-first heap   total 286720K, used 260788K [0x0000000080000000, 0x0000000100000000)
  region size 1024K, 144 young (147456K), 3 survivors (3072K)
 Metaspace       used 124733K, committed 126080K, reserved 1179648K
  class space    used 16720K, committed 17344K, reserved 1048576K
}
Event: 9413.394 GC heap after
{Heap after GC invocations=56 (full 1):
 garbage-first heap   total 286720K, used 126877K [0x0000000080000000, 0x0000000100000000)
  region size 1024K, 18 young (18432K), 18 survivors (18432K)
 Metaspace       used 124733K, committed 126080K, reserved 1179648K
  class space    used 16720K, committed 17344K, reserved 1048576K
}
Event: 9413.449 GC heap before
{Heap before GC invocations=56 (full 1):
 garbage-first heap   total 286720K, used 127901K [0x0000000080000000, 0x0000000100000000)
  region size 1024K, 19 young (19456K), 18 survivors (18432K)
 Metaspace       used 124733K, committed 126080K, reserved 1179648K
  class space    used 16720K, committed 17344K, reserved 1048576K
}
Event: 9413.481 GC heap after
{Heap after GC invocations=57 (full 1):
 garbage-first heap   total 286720K, used 128197K [0x0000000080000000, 0x0000000100000000)
  region size 1024K, 2 young (2048K), 2 survivors (2048K)
 Metaspace       used 124733K, committed 126080K, reserved 1179648K
  class space    used 16720K, committed 17344K, reserved 1048576K
}
Event: 9414.986 GC heap before
{Heap before GC invocations=57 (full 1):
 garbage-first heap   total 286720K, used 223429K [0x0000000080000000, 0x0000000100000000)
  region size 1024K, 96 young (98304K), 2 survivors (2048K)
 Metaspace       used 138160K, committed 139520K, reserved 1179648K
  class space    used 18908K, committed 19520K, reserved 1048576K
}
Event: 9414.994 GC heap after
{Heap after GC invocations=58 (full 1):
 garbage-first heap   total 286720K, used 130013K [0x0000000080000000, 0x0000000100000000)
  region size 1024K, 4 young (4096K), 4 survivors (4096K)
 Metaspace       used 138160K, committed 139520K, reserved 1179648K
  class space    used 18908K, committed 19520K, reserved 1048576K
}
Event: 9416.091 GC heap before
{Heap before GC invocations=59 (full 1):
 garbage-first heap   total 286720K, used 239581K [0x0000000080000000, 0x0000000100000000)
  region size 1024K, 104 young (106496K), 4 survivors (4096K)
 Metaspace       used 138032K, committed 139392K, reserved 1179648K
  class space    used 18805K, committed 19456K, reserved 1048576K
}
Event: 9416.142 GC heap after
{Heap after GC invocations=60 (full 1):
 garbage-first heap   total 286720K, used 156857K [0x0000000080000000, 0x0000000100000000)
  region size 1024K, 13 young (13312K), 13 survivors (13312K)
 Metaspace       used 138032K, committed 139392K, reserved 1179648K
  class space    used 18805K, committed 19456K, reserved 1048576K
}
Event: 9416.159 GC heap before
{Heap before GC invocations=60 (full 1):
 garbage-first heap   total 286720K, used 156857K [0x0000000080000000, 0x0000000100000000)
  region size 1024K, 14 young (14336K), 13 survivors (13312K)
 Metaspace       used 138115K, committed 139392K, reserved 1179648K
  class space    used 18821K, committed 19456K, reserved 1048576K
}
Event: 9416.180 GC heap after
{Heap after GC invocations=61 (full 1):
 garbage-first heap   total 286720K, used 157344K [0x0000000080000000, 0x0000000100000000)
  region size 1024K, 2 young (2048K), 2 survivors (2048K)
 Metaspace       used 138115K, committed 139392K, reserved 1179648K
  class space    used 18821K, committed 19456K, reserved 1048576K
}
Event: 9416.557 GC heap before
{Heap before GC invocations=61 (full 1):
 garbage-first heap   total 286720K, used 183968K [0x0000000080000000, 0x0000000100000000)
  region size 1024K, 29 young (29696K), 2 survivors (2048K)
 Metaspace       used 141642K, committed 142720K, reserved 1179648K
  class space    used 19262K, committed 19776K, reserved 1048576K
}

