# JRE version: OpenJDK Runtime Environment (17.0.11) (build 17.0.11+0--11852314)
# Java VM: OpenJDK 64-Bit Server VM (17.0.11+0--11852314, mixed mode, tiered, compressed oops, compressed class ptrs, g1 gc, windows-amd64)
GC Precious Log:
 CPUs: 4 total, 4 available
 Memory: 7122M
 Large Page Support: Disabled
 NUMA Support: Disabled
 Compressed Oops: Enabled (32-bit)
 Heap Region Size: 1M
 Heap Min Capacity: 8M
 Heap Initial Capacity: 112M
 Heap Max Capacity: 2G
 Pre-touch: Disabled
 Parallel Workers: 4
 Concurrent Workers: 1
 Concurrent Refinement Workers: 4
 Periodic GC: Disabled
Heap:
 garbage-first heap   total 285696K, used 217915K [0x0000000080000000, 0x0000000100000000)
  region size 1024K, 17 young (17408K), 5 survivors (5120K)
 Metaspace       used 116920K, committed 117952K, reserved 1179648K
  class space    used 15796K, committed 16320K, reserved 1048576K
GC Heap History (20 events):
Event: 2767.003 GC heap before
{Heap before GC invocations=57 (full 0):
 garbage-first heap   total 197632K, used 170346K [0x0000000080000000, 0x0000000100000000)
  region size 1024K, 18 young (18432K), 3 survivors (3072K)
 Metaspace       used 114571K, committed 115584K, reserved 1179648K
  class space    used 15573K, committed 16064K, reserved 1048576K
}
Event: 2767.011 GC heap after
{Heap after GC invocations=58 (full 0):
 garbage-first heap   total 197632K, used 157623K [0x0000000080000000, 0x0000000100000000)
  region size 1024K, 3 young (3072K), 3 survivors (3072K)
 Metaspace       used 114571K, committed 115584K, reserved 1179648K
  class space    used 15573K, committed 16064K, reserved 1048576K
}
Event: 2767.463 GC heap before
{Heap before GC invocations=58 (full 0):
 garbage-first heap   total 197632K, used 168887K [0x0000000080000000, 0x0000000100000000)
  region size 1024K, 15 young (15360K), 3 survivors (3072K)
 Metaspace       used 114609K, committed 115584K, reserved 1179648K
  class space    used 15578K, committed 16064K, reserved 1048576K
}
Event: 2767.474 GC heap after
{Heap after GC invocations=59 (full 0):
 garbage-first heap   total 197632K, used 160420K [0x0000000080000000, 0x0000000100000000)
  region size 1024K, 2 young (2048K), 2 survivors (2048K)
 Metaspace       used 114609K, committed 115584K, reserved 1179648K
  class space    used 15578K, committed 16064K, reserved 1048576K
}
Event: 2767.806 GC heap before
{Heap before GC invocations=59 (full 0):
 garbage-first heap   total 197632K, used 170660K [0x0000000080000000, 0x0000000100000000)
  region size 1024K, 12 young (12288K), 2 survivors (2048K)
 Metaspace       used 114683K, committed 115648K, reserved 1179648K
  class space    used 15586K, committed 16064K, reserved 1048576K
}
Event: 2767.816 GC heap after
{Heap after GC invocations=60 (full 0):
 garbage-first heap   total 237568K, used 162207K [0x0000000080000000, 0x0000000100000000)
  region size 1024K, 2 young (2048K), 2 survivors (2048K)
 Metaspace       used 114683K, committed 115648K, reserved 1179648K
  class space    used 15586K, committed 16064K, reserved 1048576K
}
Event: 2769.268 GC heap before
{Heap before GC invocations=60 (full 0):
 garbage-first heap   total 237568K, used 194975K [0x0000000080000000, 0x0000000100000000)
  region size 1024K, 35 young (35840K), 2 survivors (2048K)
 Metaspace       used 115841K, committed 116928K, reserved 1179648K
  class space    used 15722K, committed 16256K, reserved 1048576K
}
Event: 2769.277 GC heap after
{Heap after GC invocations=61 (full 0):
 garbage-first heap   total 237568K, used 166482K [0x0000000080000000, 0x0000000100000000)
  region size 1024K, 5 young (5120K), 5 survivors (5120K)
 Metaspace       used 115841K, committed 116928K, reserved 1179648K
  class space    used 15722K, committed 16256K, reserved 1048576K
}
Event: 2770.383 GC heap before
{Heap before GC invocations=61 (full 0):
 garbage-first heap   total 237568K, used 197202K [0x0000000080000000, 0x0000000100000000)
  region size 1024K, 36 young (36864K), 5 survivors (5120K)
 Metaspace       used 115980K, committed 117056K, reserved 1179648K
  class space    used 15722K, committed 16256K, reserved 1048576K
}
Event: 2770.406 GC heap after
{Heap after GC invocations=62 (full 0):
 garbage-first heap   total 237568K, used 176425K [0x0000000080000000, 0x0000000100000000)
  region size 1024K, 5 young (5120K), 5 survivors (5120K)
 Metaspace       used 115980K, committed 117056K, reserved 1179648K
  class space    used 15722K, committed 16256K, reserved 1048576K
}
Event: 2770.862 GC heap before
{Heap before GC invocations=62 (full 0):
 garbage-first heap   total 237568K, used 198953K [0x0000000080000000, 0x0000000100000000)
  region size 1024K, 27 young (27648K), 5 survivors (5120K)
 Metaspace       used 115991K, committed 117056K, reserved 1179648K
  class space    used 15722K, committed 16256K, reserved 1048576K
}
Event: 2770.871 GC heap after
{Heap after GC invocations=63 (full 0):
 garbage-first heap   total 237568K, used 184628K [0x0000000080000000, 0x0000000100000000)
  region size 1024K, 4 young (4096K), 4 survivors (4096K)
 Metaspace       used 115991K, committed 117056K, reserved 1179648K
  class space    used 15722K, committed 16256K, reserved 1048576K
}
Event: 2771.167 GC heap before
{Heap before GC invocations=63 (full 0):
 garbage-first heap   total 237568K, used 199988K [0x0000000080000000, 0x0000000100000000)
  region size 1024K, 20 young (20480K), 4 survivors (4096K)
 Metaspace       used 116192K, committed 117184K, reserved 1179648K
  class space    used 15742K, committed 16256K, reserved 1048576K
}
Event: 2771.174 GC heap after
{Heap after GC invocations=64 (full 0):
 garbage-first heap   total 237568K, used 188743K [0x0000000080000000, 0x0000000100000000)
  region size 1024K, 3 young (3072K), 3 survivors (3072K)
 Metaspace       used 116192K, committed 117184K, reserved 1179648K
  class space    used 15742K, committed 16256K, reserved 1048576K
}
Event: 2771.793 GC heap before
{Heap before GC invocations=64 (full 0):
 garbage-first heap   total 237568K, used 201031K [0x0000000080000000, 0x0000000100000000)
  region size 1024K, 16 young (16384K), 3 survivors (3072K)
 Metaspace       used 116320K, committed 117376K, reserved 1179648K
  class space    used 15747K, committed 16256K, reserved 1048576K
}
Event: 2771.803 GC heap after
{Heap after GC invocations=65 (full 0):
 garbage-first heap   total 285696K, used 191195K [0x0000000080000000, 0x0000000100000000)
  region size 1024K, 2 young (2048K), 2 survivors (2048K)
 Metaspace       used 116320K, committed 117376K, reserved 1179648K
  class space    used 15747K, committed 16256K, reserved 1048576K
}
Event: 2773.094 GC heap before
{Heap before GC invocations=65 (full 0):
 garbage-first heap   total 285696K, used 234203K [0x0000000080000000, 0x0000000100000000)
  region size 1024K, 41 young (41984K), 2 survivors (2048K)
 Metaspace       used 116414K, committed 117440K, reserved 1179648K
  class space    used 15756K, committed 16256K, reserved 1048576K
}
Event: 2773.108 GC heap after
{Heap after GC invocations=66 (full 0):
 garbage-first heap   total 285696K, used 201185K [0x0000000080000000, 0x0000000100000000)
  region size 1024K, 6 young (6144K), 6 survivors (6144K)
 Metaspace       used 116414K, committed 117440K, reserved 1179648K
  class space    used 15756K, committed 16256K, reserved 1048576K
}
Event: 2773.448 GC heap before
{Heap before GC invocations=66 (full 0):
 garbage-first heap   total 285696K, used 248289K [0x0000000080000000, 0x0000000100000000)
  region size 1024K, 38 young (38912K), 6 survivors (6144K)
 Metaspace       used 116752K, committed 117824K, reserved 1179648K
  class space    used 15786K, committed 16320K, reserved 1048576K
}
Event: 2773.461 GC heap after
{Heap after GC invocations=67 (full 0):
 garbage-first heap   total 285696K, used 206651K [0x0000000080000000, 0x0000000100000000)
  region size 1024K, 5 young (5120K), 5 survivors (5120K)
 Metaspace       used 116752K, committed 117824K, reserved 1179648K
  class space    used 15786K, committed 16320K, reserved 1048576K
}

