# JRE version: OpenJDK Runtime Environment (17.0.11) (build 17.0.11+0--11852314)
# Java VM: OpenJDK 64-Bit Server VM (17.0.11+0--11852314, mixed mode, tiered, compressed oops, compressed class ptrs, g1 gc, windows-amd64)
GC Precious Log:
 CPUs: 4 total, 4 available
 Memory: 7122M
 Large Page Support: Disabled
 NUMA Support: Disabled
 Compressed Oops: Enabled (32-bit)
 Heap Region Size: 1M
 Heap Min Capacity: 8M
 Heap Initial Capacity: 112M
 Heap Max Capacity: 2G
 Pre-touch: Disabled
 Parallel Workers: 4
 Concurrent Workers: 1
 Concurrent Refinement Workers: 4
 Periodic GC: Disabled
Heap:
 garbage-first heap   total 576512K, used 442430K [0x0000000080000000, 0x0000000100000000)
  region size 1024K, 185 young (189440K), 16 survivors (16384K)
 Metaspace       used 212478K, committed 215232K, reserved 1245184K
  class space    used 26777K, committed 27776K, reserved 1048576K
GC Heap History (20 events):
Event: 1098.422 GC heap before
{Heap before GC invocations=92 (full 0):
 garbage-first heap   total 563200K, used 468862K [0x0000000080000000, 0x0000000100000000)
  region size 1024K, 220 young (225280K), 4 survivors (4096K)
 Metaspace       used 206247K, committed 207552K, reserved 1245184K
  class space    used 26244K, committed 26880K, reserved 1048576K
}
Event: 1098.434 GC heap after
{Heap after GC invocations=93 (full 0):
 garbage-first heap   total 563200K, used 255358K [0x0000000080000000, 0x0000000100000000)
  region size 1024K, 11 young (11264K), 11 survivors (11264K)
 Metaspace       used 206247K, committed 207552K, reserved 1245184K
  class space    used 26244K, committed 26880K, reserved 1048576K
}
Event: 1107.777 GC heap before
{Heap before GC invocations=94 (full 0):
 garbage-first heap   total 563200K, used 469374K [0x0000000080000000, 0x0000000100000000)
  region size 1024K, 221 young (226304K), 11 survivors (11264K)
 Metaspace       used 206791K, committed 208192K, reserved 1245184K
  class space    used 26320K, committed 27008K, reserved 1048576K
}
Event: 1107.799 GC heap after
{Heap after GC invocations=95 (full 0):
 garbage-first heap   total 563200K, used 262526K [0x0000000080000000, 0x0000000100000000)
  region size 1024K, 18 young (18432K), 18 survivors (18432K)
 Metaspace       used 206791K, committed 208192K, reserved 1245184K
  class space    used 26320K, committed 27008K, reserved 1048576K
}
Event: 1162.259 GC heap before
{Heap before GC invocations=95 (full 0):
 garbage-first heap   total 563200K, used 271742K [0x0000000080000000, 0x0000000100000000)
  region size 1024K, 27 young (27648K), 18 survivors (18432K)
 Metaspace       used 206799K, committed 208192K, reserved 1245184K
  class space    used 26320K, committed 27008K, reserved 1048576K
}
Event: 1162.296 GC heap after
{Heap after GC invocations=96 (full 0):
 garbage-first heap   total 563200K, used 257638K [0x0000000080000000, 0x0000000100000000)
  region size 1024K, 2 young (2048K), 2 survivors (2048K)
 Metaspace       used 206799K, committed 208192K, reserved 1245184K
  class space    used 26320K, committed 27008K, reserved 1048576K
}
Event: 1362.490 GC heap before
{Heap before GC invocations=96 (full 0):
 garbage-first heap   total 563200K, used 469606K [0x0000000080000000, 0x0000000100000000)
  region size 1024K, 210 young (215040K), 2 survivors (2048K)
 Metaspace       used 207905K, committed 209280K, reserved 1245184K
  class space    used 26408K, committed 27072K, reserved 1048576K
}
Event: 1362.532 GC heap after
{Heap after GC invocations=97 (full 0):
 garbage-first heap   total 563200K, used 294209K [0x0000000080000000, 0x0000000100000000)
  region size 1024K, 27 young (27648K), 27 survivors (27648K)
 Metaspace       used 207905K, committed 209280K, reserved 1245184K
  class space    used 26408K, committed 27072K, reserved 1048576K
}
Event: 1364.631 GC heap before
{Heap before GC invocations=98 (full 0):
 garbage-first heap   total 563200K, used 470337K [0x0000000080000000, 0x0000000100000000)
  region size 1024K, 183 young (187392K), 27 survivors (27648K)
 Metaspace       used 210726K, committed 212160K, reserved 1245184K
  class space    used 26680K, committed 27392K, reserved 1048576K
}
Event: 1364.678 GC heap after
{Heap after GC invocations=99 (full 0):
 garbage-first heap   total 563200K, used 308033K [0x0000000080000000, 0x0000000100000000)
  region size 1024K, 14 young (14336K), 14 survivors (14336K)
 Metaspace       used 210726K, committed 212160K, reserved 1245184K
  class space    used 26680K, committed 27392K, reserved 1048576K
}
Event: 1364.765 GC heap before
{Heap before GC invocations=99 (full 0):
 garbage-first heap   total 563200K, used 321345K [0x0000000080000000, 0x0000000100000000)
  region size 1024K, 27 young (27648K), 14 survivors (14336K)
 Metaspace       used 210736K, committed 212160K, reserved 1245184K
  class space    used 26680K, committed 27392K, reserved 1048576K
}
Event: 1364.791 GC heap after
{Heap after GC invocations=100 (full 0):
 garbage-first heap   total 563200K, used 306497K [0x0000000080000000, 0x0000000100000000)
  region size 1024K, 2 young (2048K), 2 survivors (2048K)
 Metaspace       used 210736K, committed 212160K, reserved 1245184K
  class space    used 26680K, committed 27392K, reserved 1048576K
}
Event: 1380.674 GC heap before
{Heap before GC invocations=100 (full 0):
 garbage-first heap   total 563200K, used 458049K [0x0000000080000000, 0x0000000100000000)
  region size 1024K, 151 young (154624K), 2 survivors (2048K)
 Metaspace       used 211888K, committed 213312K, reserved 1245184K
  class space    used 26833K, committed 27584K, reserved 1048576K
}
Event: 1380.689 GC heap after
{Heap after GC invocations=101 (full 0):
 garbage-first heap   total 563200K, used 307726K [0x0000000080000000, 0x0000000100000000)
  region size 1024K, 4 young (4096K), 4 survivors (4096K)
 Metaspace       used 211888K, committed 213312K, reserved 1245184K
  class space    used 26833K, committed 27584K, reserved 1048576K
}
Event: 2865.975 GC heap before
{Heap before GC invocations=102 (full 0):
 garbage-first heap   total 563200K, used 445966K [0x0000000080000000, 0x0000000100000000)
  region size 1024K, 158 young (161792K), 4 survivors (4096K)
 Metaspace       used 212449K, committed 213888K, reserved 1245184K
  class space    used 26886K, committed 27584K, reserved 1048576K
}
Event: 2866.018 GC heap after
{Heap after GC invocations=103 (full 0):
 garbage-first heap   total 563200K, used 288543K [0x0000000080000000, 0x0000000100000000)
  region size 1024K, 4 young (4096K), 4 survivors (4096K)
 Metaspace       used 212449K, committed 213888K, reserved 1245184K
  class space    used 26886K, committed 27584K, reserved 1048576K
}
Event: 3758.170 GC heap before
{Heap before GC invocations=103 (full 0):
 garbage-first heap   total 563200K, used 311071K [0x0000000080000000, 0x0000000100000000)
  region size 1024K, 27 young (27648K), 4 survivors (4096K)
 Metaspace       used 212457K, committed 213888K, reserved 1245184K
  class space    used 26886K, committed 27584K, reserved 1048576K
}
Event: 3758.285 GC heap after
{Heap after GC invocations=104 (full 0):
 garbage-first heap   total 563200K, used 260098K [0x0000000080000000, 0x0000000100000000)
  region size 1024K, 2 young (2048K), 2 survivors (2048K)
 Metaspace       used 212457K, committed 213888K, reserved 1245184K
  class space    used 26886K, committed 27584K, reserved 1048576K
}
Event: 3762.208 GC heap before
{Heap before GC invocations=104 (full 0):
 garbage-first heap   total 563200K, used 464898K [0x0000000080000000, 0x0000000100000000)
  region size 1024K, 203 young (207872K), 2 survivors (2048K)
 Metaspace       used 213691K, committed 215232K, reserved 1245184K
  class space    used 27027K, committed 27776K, reserved 1048576K
}
Event: 3762.259 GC heap after
{Heap after GC invocations=105 (full 0):
 garbage-first heap   total 563200K, used 274494K [0x0000000080000000, 0x0000000100000000)
  region size 1024K, 16 young (16384K), 16 survivors (16384K)
 Metaspace       used 213691K, committed 215232K, reserved 1245184K
  class space    used 27027K, committed 27776K, reserved 1048576K
}

